Determining if the pthread_create exist failed with the following output:
Change Dir: /home/vtol2020/OpenCV_Calibration/CMakeFiles/CMakeTmp

Run Build Command:"/usr/bin/make" "cmTC_7f0b6/fast"
/usr/bin/make -f CMakeFiles/cmTC_7f0b6.dir/build.make CMakeFiles/cmTC_7f0b6.dir/build
make[1]: Entering directory '/home/vtol2020/OpenCV_Calibration/CMakeFiles/CMakeTmp'
Building C object CMakeFiles/cmTC_7f0b6.dir/CheckSymbolExists.c.o
/usr/bin/cc   -fPIC    -o CMakeFiles/cmTC_7f0b6.dir/CheckSymbolExists.c.o   -c /home/vtol2020/OpenCV_Calibration/CMakeFiles/CMakeTmp/CheckSymbolExists.c
Linking C executable cmTC_7f0b6
/usr/bin/cmake -E cmake_link_script CMakeFiles/cmTC_7f0b6.dir/link.txt --verbose=1
/usr/bin/cc -fPIC     CMakeFiles/cmTC_7f0b6.dir/CheckSymbolExists.c.o  -o cmTC_7f0b6 
CMakeFiles/cmTC_7f0b6.dir/CheckSymbolExists.c.o: In function `main':
CheckSymbolExists.c:(.text+0x14): undefined reference to `pthread_create'
CheckSymbolExists.c:(.text+0x18): undefined reference to `pthread_create'
collect2: error: ld returned 1 exit status
CMakeFiles/cmTC_7f0b6.dir/build.make:97: recipe for target 'cmTC_7f0b6' failed
make[1]: *** [cmTC_7f0b6] Error 1
make[1]: Leaving directory '/home/vtol2020/OpenCV_Calibration/CMakeFiles/CMakeTmp'
Makefile:126: recipe for target 'cmTC_7f0b6/fast' failed
make: *** [cmTC_7f0b6/fast] Error 2

File /home/vtol2020/OpenCV_Calibration/CMakeFiles/CMakeTmp/CheckSymbolExists.c:
/* */
#include <pthread.h>

int main(int argc, char** argv)
{
  (void)argv;
#ifndef pthread_create
  return ((int*)(&pthread_create))[argc];
#else
  (void)argc;
  return 0;
#endif
}

Determining if the function pthread_create exists in the pthreads failed with the following output:
Change Dir: /home/vtol2020/OpenCV_Calibration/CMakeFiles/CMakeTmp

Run Build Command:"/usr/bin/make" "cmTC_7aaa7/fast"
/usr/bin/make -f CMakeFiles/cmTC_7aaa7.dir/build.make CMakeFiles/cmTC_7aaa7.dir/build
make[1]: Entering directory '/home/vtol2020/OpenCV_Calibration/CMakeFiles/CMakeTmp'
Building C object CMakeFiles/cmTC_7aaa7.dir/CheckFunctionExists.c.o
/usr/bin/cc   -fPIC -DCHECK_FUNCTION_EXISTS=pthread_create   -o CMakeFiles/cmTC_7aaa7.dir/CheckFunctionExists.c.o   -c /usr/share/cmake-3.10/Modules/CheckFunctionExists.c
Linking C executable cmTC_7aaa7
/usr/bin/cmake -E cmake_link_script CMakeFiles/cmTC_7aaa7.dir/link.txt --verbose=1
/usr/bin/cc -fPIC -DCHECK_FUNCTION_EXISTS=pthread_create    CMakeFiles/cmTC_7aaa7.dir/CheckFunctionExists.c.o  -o cmTC_7aaa7 -lpthreads 
/usr/bin/ld: cannot find -lpthreads
collect2: error: ld returned 1 exit status
CMakeFiles/cmTC_7aaa7.dir/build.make:97: recipe for target 'cmTC_7aaa7' failed
make[1]: *** [cmTC_7aaa7] Error 1
make[1]: Leaving directory '/home/vtol2020/OpenCV_Calibration/CMakeFiles/CMakeTmp'
Makefile:126: recipe for target 'cmTC_7aaa7/fast' failed
make: *** [cmTC_7aaa7/fast] Error 2


